<?xml version="1.0" encoding="UTF-8"?>
<!-- Generated by org.testng.reporters.JUnitXMLReporter -->
<testsuite ignored="10" hostname="EPINHYDW058B" failures="0" tests="1" name="Default test" time="0.091" errors="0" timestamp="2023-10-29T15:55:44 IST">
  <testcase classname="Sample.TestNG_Calculations" name="testAddition" time="0.015"/>
  <testcase classname="Sample.TestNG_Calculations" name="testNegativeAddition" time="0.0">
    <ignored/>
  </testcase> <!-- testNegativeAddition -->
  <testcase classname="Sample.TestNG_Calculations" name="testPower" time="0.0">
    <ignored/>
  </testcase> <!-- testPower -->
  <testcase classname="Sample.TestNG_Calculations" name="testPower" time="0.0">
    <ignored/>
  </testcase> <!-- testPower -->
  <testcase classname="Sample.TestNG_Calculations" name="testSubtraction" time="0.0">
    <ignored/>
  </testcase> <!-- testSubtraction -->
  <testcase classname="Sample.TestNG_Calculations" name="testSquareRoot" time="0.0">
    <ignored/>
  </testcase> <!-- testSquareRoot -->
  <testcase classname="Sample.TestNG_Calculations" name="testNegativeMultiplication" time="0.0">
    <ignored/>
  </testcase> <!-- testNegativeMultiplication -->
  <testcase classname="Sample.TestNG_Calculations" name="testDivisionByZero" time="0.0">
    <ignored/>
  </testcase> <!-- testDivisionByZero -->
  <testcase classname="Sample.TestNG_Calculations" name="testMultiplication" time="0.0">
    <ignored/>
  </testcase> <!-- testMultiplication -->
  <testcase classname="Sample.TestNG_Calculations" name="testAdditionWithZero" time="0.0">
    <ignored/>
  </testcase> <!-- testAdditionWithZero -->
  <testcase classname="Sample.TestNG_Calculations" name="testDivision" time="0.0">
    <ignored/>
  </testcase> <!-- testDivision -->
</testsuite> <!-- Default test -->
