<?xml version="1.0" encoding="UTF-8"?>
<testng-results ignored="0" total="1" passed="1" failed="0" skipped="0">
  <reporter-output>
  </reporter-output>
  <suite started-at="2023-10-29T15:55:44 IST" name="Default suite" finished-at="2023-10-29T15:55:44 IST" duration-ms="91">
    <groups>
      <group name="MathOperations">
        <method signature="TestNG_Calculations.testAddition()[pri:0, instance:Sample.TestNG_Calculations@130c12b7]" name="testAddition" class="Sample.TestNG_Calculations"/>
      </group> <!-- MathOperations -->
    </groups>
    <test started-at="2023-10-29T15:55:44 IST" name="Default test" finished-at="2023-10-29T15:55:44 IST" duration-ms="91">
      <class name="Sample.TestNG_Calculations">
        <test-method is-config="true" signature="setUpClass()[pri:0, instance:Sample.TestNG_Calculations@130c12b7]" started-at="2023-10-29T15:55:44 IST" name="setUpClass" finished-at="2023-10-29T15:55:44 IST" duration-ms="15" status="PASS">
          <reporter-output>
          </reporter-output>
        </test-method> <!-- setUpClass -->
        <test-method is-config="true" signature="setUp()[pri:0, instance:Sample.TestNG_Calculations@130c12b7]" started-at="2023-10-29T15:55:44 IST" name="setUp" finished-at="2023-10-29T15:55:44 IST" duration-ms="1" status="PASS">
          <reporter-output>
          </reporter-output>
        </test-method> <!-- setUp -->
        <test-method signature="testAddition()[pri:0, instance:Sample.TestNG_Calculations@130c12b7]" started-at="2023-10-29T15:55:44 IST" name="testAddition" finished-at="2023-10-29T15:55:44 IST" duration-ms="15" status="PASS">
          <reporter-output>
          </reporter-output>
        </test-method> <!-- testAddition -->
        <test-method is-config="true" signature="tearDown()[pri:0, instance:Sample.TestNG_Calculations@130c12b7]" started-at="2023-10-29T15:55:44 IST" name="tearDown" finished-at="2023-10-29T15:55:44 IST" duration-ms="0" status="PASS">
          <reporter-output>
          </reporter-output>
        </test-method> <!-- tearDown -->
        <test-method is-config="true" signature="tearDownClass()[pri:0, instance:Sample.TestNG_Calculations@130c12b7]" started-at="2023-10-29T15:55:44 IST" name="tearDownClass" finished-at="2023-10-29T15:55:44 IST" duration-ms="1" status="PASS">
          <reporter-output>
          </reporter-output>
        </test-method> <!-- tearDownClass -->
      </class> <!-- Sample.TestNG_Calculations -->
    </test> <!-- Default test -->
  </suite> <!-- Default suite -->
</testng-results>
